<?xml version="1.0" encoding="UTF-8"?>
<testng-results skipped="0" failed="0" total="2" passed="2">
  <reporter-output>
  </reporter-output>
  <suite name="Command line suite" duration-ms="34159" started-at="2020-06-26T14:08:22Z" finished-at="2020-06-26T14:08:56Z">
    <groups>
      <group name="cucumber">
        <method signature="TestRunner.feature(cucumber.api.testng.CucumberFeatureWrapper)[pri:0, instance:com.cucumberFramework.testRunner.TestRunner@3bd94634]" name="feature" class="com.cucumberFramework.testRunner.TestRunner"/>
      </group> <!-- cucumber -->
    </groups>
    <test name="Command line test" duration-ms="34159" started-at="2020-06-26T14:08:22Z" finished-at="2020-06-26T14:08:56Z">
      <class name="com.cucumberFramework.testRunner.TestRunner">
        <test-method status="PASS" signature="setUpClass()[pri:0, instance:com.cucumberFramework.testRunner.TestRunner@3bd94634]" name="setUpClass" is-config="true" duration-ms="517" started-at="2020-06-26T19:38:22Z" finished-at="2020-06-26T19:38:22Z">
          <reporter-output>
          </reporter-output>
        </test-method> <!-- setUpClass -->
        <test-method status="PASS" signature="feature(cucumber.api.testng.CucumberFeatureWrapper)[pri:0, instance:com.cucumberFramework.testRunner.TestRunner@3bd94634]" name="feature" duration-ms="17012" started-at="2020-06-26T19:38:23Z" description="Runs cucmber Features" data-provider="features" finished-at="2020-06-26T19:38:40Z">
          <params>
            <param index="0">
              <value>
                <![CDATA[As a Stackover user I shouldnot able to login with In-valid credentials and error message should display]]>
              </value>
            </param>
          </params>
          <reporter-output>
          </reporter-output>
        </test-method> <!-- feature -->
        <test-method status="PASS" signature="feature(cucumber.api.testng.CucumberFeatureWrapper)[pri:0, instance:com.cucumberFramework.testRunner.TestRunner@3bd94634]" name="feature" duration-ms="16282" started-at="2020-06-26T19:38:40Z" description="Runs cucmber Features" data-provider="features" finished-at="2020-06-26T19:38:56Z">
          <params>
            <param index="0">
              <value>
                <![CDATA[As a Stackover user I should be able to login and logout with valid credentials]]>
              </value>
            </param>
          </params>
          <reporter-output>
          </reporter-output>
        </test-method> <!-- feature -->
        <test-method status="PASS" signature="testDownClass()[pri:0, instance:com.cucumberFramework.testRunner.TestRunner@3bd94634]" name="testDownClass" is-config="true" duration-ms="71" started-at="2020-06-26T19:38:56Z" finished-at="2020-06-26T19:38:56Z">
          <reporter-output>
          </reporter-output>
        </test-method> <!-- testDownClass -->
      </class> <!-- com.cucumberFramework.testRunner.TestRunner -->
    </test> <!-- Command line test -->
  </suite> <!-- Command line suite -->
</testng-results>
